<?xml version="1.0" encoding="UTF-8"?>
<!-- Generated by org.testng.reporters.JUnitReportReporter -->
<testsuite hostname="HPLaptop" failures="0" tests="1" name="api.endpoints.AdhocTest" time="3.634" errors="0" timestamp="2025-10-01T07:56:18 AEST" skipped="0">
  <testcase classname="api.endpoints.AdhocTest" name="responseTimeValidation" time="3.634"/>
</testsuite> <!-- api.endpoints.AdhocTest -->
