<?xml version="1.0" encoding="UTF-8"?>
<!-- Generated by org.testng.reporters.JUnitReportReporter -->
<testsuite hostname="HPLaptop" failures="0" tests="5" name="api.tests.ObjectTests_New" time="4.124" errors="0" timestamp="2025-10-05T07:40:29 AEDT" skipped="0">
  <testcase classname="api.tests.ObjectTests_New" name="createObjectTest" time="2.469"/>
  <testcase classname="api.tests.ObjectTests_New" name="getObjectTest" time="0.298"/>
  <testcase classname="api.tests.ObjectTests_New" name="updateObjectTest" time="0.382"/>
  <testcase classname="api.tests.ObjectTests_New" name="deleteObjectTest" time="0.302"/>
  <testcase classname="api.tests.ObjectTests_New" name="getALLObjectsTest" time="0.673"/>
</testsuite> <!-- api.tests.ObjectTests_New -->
