<?xml version="1.0" encoding="UTF-8"?>
<!-- Generated by org.testng.reporters.JUnitReportReporter -->
<testsuite hostname="HPLaptop" failures="0" tests="3" name="api.tests.JSONPlaceHolderTests" time="2.400" errors="0" timestamp="2025-10-05T07:38:03 AEDT" skipped="2">
  <testcase classname="api.tests.JSONPlaceHolderTests" name="getSinglePostTest" time="2.400"/>
  <testcase classname="api.tests.JSONPlaceHolderTests" name="getAllCommentsPostTest">
    <skipped/>
  </testcase> <!-- getAllCommentsPostTest -->
  <testcase classname="api.tests.JSONPlaceHolderTests" name="postToDOTest">
    <skipped/>
  </testcase> <!-- postToDOTest -->
</testsuite> <!-- api.tests.JSONPlaceHolderTests -->
