<?xml version="1.0" encoding="UTF-8"?>
<!-- Generated by org.testng.reporters.JUnitReportReporter -->
<testsuite hostname="HPLaptop" failures="0" tests="1" name="HelloWorld" time="2.285" errors="0" timestamp="2025-09-26T06:01:27 AEST" skipped="0">
  <testcase classname="HelloWorld" name="sampleTest" time="2.285"/>
</testsuite> <!-- HelloWorld -->
