<?xml version="1.0" encoding="UTF-8"?>
<!-- Generated by org.testng.reporters.JUnitReportReporter -->
<testsuite hostname="HPLaptop" failures="0" tests="3" name="api.tests.ReqResAPITests" time="2.548" errors="0" timestamp="2025-10-05T07:40:48 AEDT" skipped="2">
  <testcase classname="api.tests.ReqResAPITests" name="postUserTest" time="2.548"/>
  <testcase classname="api.tests.ReqResAPITests" name="getSinglePostTest">
    <skipped/>
  </testcase> <!-- getSinglePostTest -->
  <testcase classname="api.tests.ReqResAPITests" name="getAllUsersTest">
    <skipped/>
  </testcase> <!-- getAllUsersTest -->
</testsuite> <!-- api.tests.ReqResAPITests -->
