<?xml version="1.0" encoding="UTF-8"?>
<!-- Generated by org.testng.reporters.JUnitReportReporter -->
<testsuite hostname="HPLaptop" failures="0" tests="1" name="api.endpoints.UserEndPoints" time="3.014" errors="0" timestamp="2025-09-26T06:17:04 AEST" skipped="0">
  <testcase classname="api.endpoints.UserEndPoints" name="postUser" time="3.014"/>
</testsuite> <!-- api.endpoints.UserEndPoints -->
