<?xml version="1.0" encoding="UTF-8"?>
<!-- Generated by org.testng.reporters.JUnitReportReporter -->
<testsuite hostname="HPLaptop" failures="0" tests="4" name="api.tests.EmployeeTests" time="1.264" errors="0" timestamp="2025-10-05T07:43:09 AEDT" skipped="3">
  <testcase classname="api.tests.EmployeeTests" name="createEmployeeTest" time="1.264"/>
  <testcase classname="api.tests.EmployeeTests" name="getEmployeeTest">
    <skipped/>
  </testcase> <!-- getEmployeeTest -->
  <testcase classname="api.tests.EmployeeTests" name="deleteUserTest">
    <skipped/>
  </testcase> <!-- deleteUserTest -->
  <testcase classname="api.tests.EmployeeTests" name="updateEmployeeTest">
    <skipped/>
  </testcase> <!-- updateEmployeeTest -->
</testsuite> <!-- api.tests.EmployeeTests -->
