<?xml version="1.0" encoding="UTF-8"?>
<!-- Generated by org.testng.reporters.JUnitReportReporter -->
<testsuite hostname="HPLaptop" failures="0" tests="5" name="api.tests.ObjectTests" time="1.819" errors="0" timestamp="2025-10-05T07:43:09 AEDT" skipped="4">
  <testcase classname="api.tests.ObjectTests" name="getALLObjectsTest" time="1.819"/>
  <testcase classname="api.tests.ObjectTests" name="createObjectTest">
    <skipped/>
  </testcase> <!-- createObjectTest -->
  <testcase classname="api.tests.ObjectTests" name="updateObjectTest">
    <skipped/>
  </testcase> <!-- updateObjectTest -->
  <testcase classname="api.tests.ObjectTests" name="getObjectTest">
    <skipped/>
  </testcase> <!-- getObjectTest -->
  <testcase classname="api.tests.ObjectTests" name="deleteObjectTest">
    <skipped/>
  </testcase> <!-- deleteObjectTest -->
</testsuite> <!-- api.tests.ObjectTests -->
