<?xml version="1.0" encoding="UTF-8"?>
<!-- Generated by org.testng.reporters.JUnitReportReporter -->
<testsuite hostname="HPLaptop" failures="0" tests="5" name="api.tests.ObjectTests_New" time="2.178" errors="0" timestamp="2025-09-28T12:27:50 AEST" skipped="0">
  <testcase classname="api.tests.ObjectTests_New" name="createObjectTest" time="0.292"/>
  <testcase classname="api.tests.ObjectTests_New" name="getObjectTest" time="0.289"/>
  <testcase classname="api.tests.ObjectTests_New" name="updateObjectTest" time="0.312"/>
  <testcase classname="api.tests.ObjectTests_New" name="deleteObjectTest" time="0.306"/>
  <testcase classname="api.tests.ObjectTests_New" name="getALLObjectsTest" time="0.979"/>
</testsuite> <!-- api.tests.ObjectTests_New -->
