<?xml version="1.0" encoding="UTF-8"?>
<!-- Generated by org.testng.reporters.JUnitReportReporter -->
<testsuite hostname="HPLaptop" failures="0" tests="5" name="api.tests.ObjectTests" time="0.797" errors="0" timestamp="2025-09-28T12:27:50 AEST" skipped="4">
  <testcase classname="api.tests.ObjectTests" name="getALLObjectsTest" time="0.797"/>
  <testcase classname="api.tests.ObjectTests" name="getObjectTest">
    <skipped/>
  </testcase> <!-- getObjectTest -->
  <testcase classname="api.tests.ObjectTests" name="updateObjectTest">
    <skipped/>
  </testcase> <!-- updateObjectTest -->
  <testcase classname="api.tests.ObjectTests" name="createObjectTest">
    <skipped/>
  </testcase> <!-- createObjectTest -->
  <testcase classname="api.tests.ObjectTests" name="deleteObjectTest">
    <skipped/>
  </testcase> <!-- deleteObjectTest -->
</testsuite> <!-- api.tests.ObjectTests -->
