<?xml version="1.0" encoding="UTF-8"?>
<!-- Generated by org.testng.reporters.JUnitReportReporter -->
<testsuite hostname="HPLaptop" failures="0" tests="5" name="api.tests.ObjectTests_New" time="2.596" errors="0" timestamp="2025-10-05T07:43:09 AEDT" skipped="0">
  <testcase classname="api.tests.ObjectTests_New" name="createObjectTest" time="0.441"/>
  <testcase classname="api.tests.ObjectTests_New" name="getObjectTest" time="0.265"/>
  <testcase classname="api.tests.ObjectTests_New" name="updateObjectTest" time="0.581"/>
  <testcase classname="api.tests.ObjectTests_New" name="deleteObjectTest" time="0.250"/>
  <testcase classname="api.tests.ObjectTests_New" name="getALLObjectsTest" time="1.059"/>
</testsuite> <!-- api.tests.ObjectTests_New -->
