<?xml version="1.0" encoding="UTF-8"?>
<!-- Generated by org.testng.reporters.JUnitReportReporter -->
<testsuite hostname="HPLaptop" failures="0" tests="4" name="api.tests.UserTests" time="2.990" errors="0" timestamp="2025-10-05T07:43:09 AEDT" skipped="3">
  <testcase classname="api.tests.UserTests" name="createUserTest" time="2.990"/>
  <testcase classname="api.tests.UserTests" name="deleteUserTest">
    <skipped/>
  </testcase> <!-- deleteUserTest -->
  <testcase classname="api.tests.UserTests" name="getUserTest">
    <skipped/>
  </testcase> <!-- getUserTest -->
  <testcase classname="api.tests.UserTests" name="updateUserTest">
    <skipped/>
  </testcase> <!-- updateUserTest -->
</testsuite> <!-- api.tests.UserTests -->
